110.01.07 16:22 B E:\apollo\PDF\Asphalt Batch Type Portable Plant.pdf --> mahapage.com /domains/mahapage.com/public_html/apollo/PDF Asphalt Batch Type Portable Plant.pdf
110.01.07 16:22 B E:\apollo\PDF\Bitumen Pressure Distributor.pdf --> mahapage.com /domains/mahapage.com/public_html/apollo/PDF Bitumen Pressure Distributor.pdf
110.01.07 16:22 B E:\apollo\PDF\Crawler Mounted Crusher.pdf --> mahapage.com /domains/mahapage.com/public_html/apollo/PDF Crawler Mounted Crusher.pdf
110.01.07 16:23 B E:\apollo\PDF\Curb Casting Machine KP 1200 SF.pdf --> mahapage.com /domains/mahapage.com/public_html/apollo/PDF Curb Casting Machine KP 1200 SF.pdf
110.01.07 16:23 B E:\apollo\PDF\Curb Casting Machine KP 40.pdf --> mahapage.com /domains/mahapage.com/public_html/apollo/PDF Curb Casting Machine KP 40.pdf
110.01.07 16:24 B E:\apollo\PDF\Drum_Mix_Plant.pdf --> mahapage.com /domains/mahapage.com/public_html/apollo/PDF Drum_Mix_Plant.pdf
110.01.07 16:24 B E:\apollo\PDF\Hydrostatic Sensor Paver Finisher AP 1000 C.pdf --> mahapage.com /domains/mahapage.com/public_html/apollo/PDF Hydrostatic Sensor Paver Finisher AP 1000 C.pdf
110.01.07 16:25 B E:\apollo\PDF\Hydrostatic Sensor Paver Finisher AP 550.pdf --> mahapage.com /domains/mahapage.com/public_html/apollo/PDF Hydrostatic Sensor Paver Finisher AP 550.pdf
110.01.07 16:25 B E:\apollo\PDF\Mechanical Paver Finisher RM-6.pdf --> mahapage.com /domains/mahapage.com/public_html/apollo/PDF Mechanical Paver Finisher RM-6.pdf
110.01.07 16:25 B E:\apollo\PDF\Mechanical Paver Finisher WM-6HES.pdf --> mahapage.com /domains/mahapage.com/public_html/apollo/PDF Mechanical Paver Finisher WM-6HES.pdf
110.01.07 16:25 B E:\apollo\PDF\Mechanical_Broom.pdf --> mahapage.com /domains/mahapage.com/public_html/apollo/PDF Mechanical_Broom.pdf
110.01.07 16:25 B E:\apollo\PDF\Primary Impact Crusher.pdf --> mahapage.com /domains/mahapage.com/public_html/apollo/PDF Primary Impact Crusher.pdf
110.01.07 16:26 B E:\apollo\PDF\Secondary Impact Crusher.pdf --> mahapage.com /domains/mahapage.com/public_html/apollo/PDF Secondary Impact Crusher.pdf
110.01.07 16:26 B E:\apollo\PDF\Single Toggle Jaw Crusher.pdf --> mahapage.com /domains/mahapage.com/public_html/apollo/PDF Single Toggle Jaw Crusher.pdf
110.01.07 16:27 B E:\apollo\PDF\Soil Stabilization Plant - Wet Mix Plants.pdf --> mahapage.com /domains/mahapage.com/public_html/apollo/PDF Soil Stabilization Plant - Wet Mix Plants.pdf
110.01.07 16:27 B E:\apollo\PDF\Thumbs.db --> mahapage.com /domains/mahapage.com/public_html/apollo/PDF Thumbs.db
110.01.07 16:27 B E:\apollo\PDF\Ultra Mobile Drum Type Continuous Asphalt Plants .pdf --> mahapage.com /domains/mahapage.com/public_html/apollo/PDF Ultra Mobile Drum Type Continuous Asphalt Plants .pdf
110.01.07 16:27 B E:\apollo\PDF\Wheel Mounted Crusher.pdf --> mahapage.com /domains/mahapage.com/public_html/apollo/PDF Wheel Mounted Crusher.pdf
110.01.19 11:34 B E:\apollo\PDF\asphalt-batch-type-portable-plant.pdf --> mahapage.com /domains/mahapage.com/public_html/apollo/PDF asphalt-batch-type-portable-plant.pdf
110.01.19 11:34 B E:\apollo\PDF\asphalt-drum-type-continuous-portable-plants.pdf --> mahapage.com /domains/mahapage.com/public_html/apollo/PDF asphalt-drum-type-continuous-portable-plants.pdf
110.01.19 11:34 B E:\apollo\PDF\bitumen-sprayers.pdf --> mahapage.com /domains/mahapage.com/public_html/apollo/PDF bitumen-sprayers.pdf
110.01.19 11:35 B E:\apollo\PDF\Broomers.pdf --> mahapage.com /domains/mahapage.com/public_html/apollo/PDF Broomers.pdf
110.01.19 11:35 B E:\apollo\PDF\crawler-mounted-mobile-crusher.pdf --> mahapage.com /domains/mahapage.com/public_html/apollo/PDF crawler-mounted-mobile-crusher.pdf
110.01.19 11:35 B E:\apollo\PDF\curb-paver-extrusion-type-KP-40.pdf --> mahapage.com /domains/mahapage.com/public_html/apollo/PDF curb-paver-extrusion-type-KP-40.pdf
110.01.19 11:35 B E:\apollo\PDF\curb-paver-slip-form-type-KP-1200-SF.pdf --> mahapage.com /domains/mahapage.com/public_html/apollo/PDF curb-paver-slip-form-type-KP-1200-SF.pdf
110.01.19 11:36 B E:\apollo\PDF\hydrostatic-sensor-paver-finisher-AP 1000.pdf --> mahapage.com /domains/mahapage.com/public_html/apollo/PDF hydrostatic-sensor-paver-finisher-AP 1000.pdf
110.01.19 11:36 B E:\apollo\PDF\hydrostatic-sensor-paver-finisher-AP-550.pdf --> mahapage.com /domains/mahapage.com/public_html/apollo/PDF hydrostatic-sensor-paver-finisher-AP-550.pdf
110.01.19 11:37 B E:\apollo\PDF\jaw-crusher.pdf --> mahapage.com /domains/mahapage.com/public_html/apollo/PDF jaw-crusher.pdf
110.01.19 11:37 B E:\apollo\PDF\mechanical-paver-finisher-RM-6.pdf --> mahapage.com /domains/mahapage.com/public_html/apollo/PDF mechanical-paver-finisher-RM-6.pdf
110.01.19 11:37 B E:\apollo\PDF\mechanical-paver-finisher-WM-6HES.pdf --> mahapage.com /domains/mahapage.com/public_html/apollo/PDF mechanical-paver-finisher-WM-6HES.pdf
110.01.19 11:37 B E:\apollo\PDF\primary-horizontal-impact-crusher.pdf --> mahapage.com /domains/mahapage.com/public_html/apollo/PDF primary-horizontal-impact-crusher.pdf
110.01.19 11:37 B E:\apollo\PDF\secondary-horizontal-impact-crusher.pdf --> mahapage.com /domains/mahapage.com/public_html/apollo/PDF secondary-horizontal-impact-crusher.pdf
110.01.19 11:38 B E:\apollo\PDF\soil-stabilization-plant-wet-mix-plants.pdf --> mahapage.com /domains/mahapage.com/public_html/apollo/PDF soil-stabilization-plant-wet-mix-plants.pdf
110.01.19 11:38 B E:\apollo\PDF\Thumbs.db --> mahapage.com /domains/mahapage.com/public_html/apollo/PDF Thumbs.db
110.01.19 11:39 B E:\apollo\PDF\ultra-mobile-batch-type-asphalt-plant.pdf --> mahapage.com /domains/mahapage.com/public_html/apollo/PDF ultra-mobile-batch-type-asphalt-plant.pdf
110.01.19 11:40 B E:\apollo\PDF\ultra-mobile-drum-type-continuous-asphalt-plants .pdf --> mahapage.com /domains/mahapage.com/public_html/apollo/PDF ultra-mobile-drum-type-continuous-asphalt-plants .pdf
110.01.19 11:40 B E:\apollo\PDF\wheel-mounted-mobile-crusher.pdf --> mahapage.com /domains/mahapage.com/public_html/apollo/PDF wheel-mounted-mobile-crusher.pdf
110.01.19 11:40 B E:\apollo\PDF\WS_FTP.LOG --> mahapage.com /domains/mahapage.com/public_html/apollo/PDF WS_FTP.LOG
110.01.19 11:44 B E:\apollo\PDF\hydrostatic-sensor-paver-finisher-AP-1000.pdf --> mahapage.com /domains/mahapage.com/public_html/apollo/PDF hydrostatic-sensor-paver-finisher-AP-1000.pdf
110.01.25 16:13 B E:\apollo\PDF\asphalt-batch-type-portable-plant.pdf --> mahapage.com /domains/mahapage.com/public_html/apollo1/PDF asphalt-batch-type-portable-plant.pdf
110.01.25 16:14 B E:\apollo\PDF\asphalt-drum-type-continuous-portable-plants.pdf --> mahapage.com /domains/mahapage.com/public_html/apollo1/PDF asphalt-drum-type-continuous-portable-plants.pdf
110.01.25 16:14 B E:\apollo\PDF\bitumen-sprayers.pdf --> mahapage.com /domains/mahapage.com/public_html/apollo1/PDF bitumen-sprayers.pdf
110.01.25 16:14 B E:\apollo\PDF\Broomers.pdf --> mahapage.com /domains/mahapage.com/public_html/apollo1/PDF Broomers.pdf
110.01.25 16:14 B E:\apollo\PDF\crawler-mounted-mobile-crusher.pdf --> mahapage.com /domains/mahapage.com/public_html/apollo1/PDF crawler-mounted-mobile-crusher.pdf
110.01.25 16:15 B E:\apollo\PDF\curb-paver-extrusion-type-KP-40.pdf --> mahapage.com /domains/mahapage.com/public_html/apollo1/PDF curb-paver-extrusion-type-KP-40.pdf
110.01.25 16:15 B E:\apollo\PDF\curb-paver-slip-form-type-KP-1200-SF.pdf --> mahapage.com /domains/mahapage.com/public_html/apollo1/PDF curb-paver-slip-form-type-KP-1200-SF.pdf
110.01.25 16:15 B E:\apollo\PDF\hydrostatic-sensor-paver-finisher-AP-1000.pdf --> mahapage.com /domains/mahapage.com/public_html/apollo1/PDF hydrostatic-sensor-paver-finisher-AP-1000.pdf
110.01.25 16:16 B E:\apollo\PDF\hydrostatic-sensor-paver-finisher-AP-550.pdf --> mahapage.com /domains/mahapage.com/public_html/apollo1/PDF hydrostatic-sensor-paver-finisher-AP-550.pdf
110.01.25 16:16 B E:\apollo\PDF\jaw-crusher.pdf --> mahapage.com /domains/mahapage.com/public_html/apollo1/PDF jaw-crusher.pdf
110.01.25 16:16 B E:\apollo\PDF\mechanical-paver-finisher-RM-6.pdf --> mahapage.com /domains/mahapage.com/public_html/apollo1/PDF mechanical-paver-finisher-RM-6.pdf
110.01.25 16:17 B E:\apollo\PDF\mechanical-paver-finisher-WM-6HES.pdf --> mahapage.com /domains/mahapage.com/public_html/apollo1/PDF mechanical-paver-finisher-WM-6HES.pdf
110.01.25 16:17 B E:\apollo\PDF\primary-horizontal-impact-crusher.pdf --> mahapage.com /domains/mahapage.com/public_html/apollo1/PDF primary-horizontal-impact-crusher.pdf
110.01.25 16:17 B E:\apollo\PDF\secondary-horizontal-impact-crusher.pdf --> mahapage.com /domains/mahapage.com/public_html/apollo1/PDF secondary-horizontal-impact-crusher.pdf
110.01.25 16:18 B E:\apollo\PDF\soil-stabilization-plant-wet-mix-plants.pdf --> mahapage.com /domains/mahapage.com/public_html/apollo1/PDF soil-stabilization-plant-wet-mix-plants.pdf
110.01.25 16:18 B E:\apollo\PDF\Thumbs.db --> mahapage.com /domains/mahapage.com/public_html/apollo1/PDF Thumbs.db
110.01.25 16:19 B E:\apollo\PDF\ultra-mobile-batch-type-asphalt-plant.pdf --> mahapage.com /domains/mahapage.com/public_html/apollo1/PDF ultra-mobile-batch-type-asphalt-plant.pdf
110.01.25 16:19 B E:\apollo\PDF\ultra-mobile-drum-type-continuous-asphalt-plants .pdf --> mahapage.com /domains/mahapage.com/public_html/apollo1/PDF ultra-mobile-drum-type-continuous-asphalt-plants .pdf
110.01.25 16:20 B E:\apollo\PDF\wheel-mounted-mobile-crusher.pdf --> mahapage.com /domains/mahapage.com/public_html/apollo1/PDF wheel-mounted-mobile-crusher.pdf
110.01.25 16:20 B E:\apollo\PDF\WS_FTP.LOG --> mahapage.com /domains/mahapage.com/public_html/apollo1/PDF WS_FTP.LOG
110.02.19 14:53 B E:\apollo2\PDF\jaw-crusher.pdf --> mahapage.com /domains/mahapage.com/public_html/apollo1/PDF jaw-crusher.pdf
110.02.19 14:53 B E:\apollo2\PDF\crawler-mounted-mobile-crusher.pdf --> mahapage.com /domains/mahapage.com/public_html/apollo1/PDF crawler-mounted-mobile-crusher.pdf
110.02.19 14:54 B E:\apollo2\PDF\secondary-horizontal-impact-crusher.pdf --> mahapage.com /domains/mahapage.com/public_html/apollo1/PDF secondary-horizontal-impact-crusher.pdf
110.02.19 14:54 B E:\apollo2\PDF\wheel-mounted-mobile-crusher.pdf --> mahapage.com /domains/mahapage.com/public_html/apollo1/PDF wheel-mounted-mobile-crusher.pdf
110.02.19 14:54 B E:\apollo2\PDF\primary-horizontal-impact-crusher.pdf --> mahapage.com /domains/mahapage.com/public_html/apollo1/PDF primary-horizontal-impact-crusher.pdf
110.02.19 14:54 B E:\apollo2\PDF\mechanical-paver-finisher-WM-6HES.pdf --> mahapage.com /domains/mahapage.com/public_html/apollo1/PDF mechanical-paver-finisher-WM-6HES.pdf
110.02.19 14:54 B E:\apollo2\PDF\mechanical-paver-finisher-RM-6.pdf --> mahapage.com /domains/mahapage.com/public_html/apollo1/PDF mechanical-paver-finisher-RM-6.pdf
110.02.19 14:55 B E:\apollo2\PDF\hydrostatic-sensor-paver-finisher-AP-550.pdf --> mahapage.com /domains/mahapage.com/public_html/apollo1/PDF hydrostatic-sensor-paver-finisher-AP-550.pdf
110.02.19 14:55 B E:\apollo2\PDF\hydrostatic-sensor-paver-finisher-AP-1000.pdf --> mahapage.com /domains/mahapage.com/public_html/apollo1/PDF hydrostatic-sensor-paver-finisher-AP-1000.pdf
110.02.19 14:56 B E:\apollo2\PDF\bitumen-sprayers.pdf --> mahapage.com /domains/mahapage.com/public_html/apollo1/PDF bitumen-sprayers.pdf
110.02.19 14:56 B E:\apollo2\PDF\curb-paver-extrusion-type-KP-40.pdf --> mahapage.com /domains/mahapage.com/public_html/apollo1/PDF curb-paver-extrusion-type-KP-40.pdf
110.02.19 14:57 B E:\apollo2\PDF\asphalt-batch-type-portable-plant.pdf --> mahapage.com /domains/mahapage.com/public_html/apollo1/PDF asphalt-batch-type-portable-plant.pdf
110.02.19 14:58 B E:\apollo2\PDF\ultra-mobile-batch-type-asphalt-plant.pdf --> mahapage.com /domains/mahapage.com/public_html/apollo1/PDF ultra-mobile-batch-type-asphalt-plant.pdf
110.02.19 14:58 B E:\apollo2\PDF\curb-paver-slip-form-type-KP-1200-SF.pdf --> mahapage.com /domains/mahapage.com/public_html/apollo1/PDF curb-paver-slip-form-type-KP-1200-SF.pdf
110.02.19 14:59 B E:\apollo2\PDF\ultra-mobile-drum-type-continuous-asphalt-plants .pdf --> mahapage.com /domains/mahapage.com/public_html/apollo1/PDF ultra-mobile-drum-type-continuous-asphalt-plants .pdf
110.02.19 15:00 B E:\apollo2\PDF\soil-stabilization-plant-wet-mix-plants.pdf --> mahapage.com /domains/mahapage.com/public_html/apollo1/PDF soil-stabilization-plant-wet-mix-plants.pdf
110.02.19 15:00 B E:\apollo2\PDF\Broomers.pdf --> mahapage.com /domains/mahapage.com/public_html/apollo1/PDF Broomers.pdf
110.02.19 15:00 B E:\apollo2\PDF\asphalt-drum-type-continuous-portable-plants.pdf --> mahapage.com /domains/mahapage.com/public_html/apollo1/PDF asphalt-drum-type-continuous-portable-plants.pdf
110.02.19 15:00 B E:\apollo2\PDF\WS_FTP.LOG --> mahapage.com /domains/mahapage.com/public_html/apollo1/PDF WS_FTP.LOG
110.02.19 15:00 B E:\apollo2\PDF\Thumbs.db --> mahapage.com /domains/mahapage.com/public_html/apollo1/PDF Thumbs.db
110.03.08 14:23 B E:\apollo2\PDF\ultra-mobile-drum-type-continuous-asphalt-plants-domestic.pdf --> mahapage.com /domains/mahapage.com/public_html/apollo1/PDF ultra-mobile-drum-type-continuous-asphalt-plants-domestic.pdf
110.03.08 14:23 B E:\apollo2\PDF\asphalt-drum-type-continuous-portable-plants-domestic.pdf --> mahapage.com /domains/mahapage.com/public_html/apollo1/PDF asphalt-drum-type-continuous-portable-plants-domestic.pdf
110.03.16 10:41 B E:\apollo2\PDF\asphalt-batch-type-portable-plant.pdf --> mahapage.com /domains/mahapage.com/public_html/apollo1/PDF asphalt-batch-type-portable-plant.pdf
110.03.16 10:42 B E:\apollo2\PDF\asphalt-drum-type-continuous-portable-plants-domestic.pdf --> mahapage.com /domains/mahapage.com/public_html/apollo1/PDF asphalt-drum-type-continuous-portable-plants-domestic.pdf
110.03.16 10:42 B E:\apollo2\PDF\asphalt-drum-type-continuous-portable-plants.pdf --> mahapage.com /domains/mahapage.com/public_html/apollo1/PDF asphalt-drum-type-continuous-portable-plants.pdf
110.03.16 10:42 B E:\apollo2\PDF\bitumen-sprayers.pdf --> mahapage.com /domains/mahapage.com/public_html/apollo1/PDF bitumen-sprayers.pdf
110.03.16 10:42 B E:\apollo2\PDF\Broomers.pdf --> mahapage.com /domains/mahapage.com/public_html/apollo1/PDF Broomers.pdf
110.03.16 10:43 B E:\apollo2\PDF\crawler-mounted-mobile-crusher.pdf --> mahapage.com /domains/mahapage.com/public_html/apollo1/PDF crawler-mounted-mobile-crusher.pdf
110.03.16 10:43 B E:\apollo2\PDF\curb-paver-extrusion-type-KP-40.pdf --> mahapage.com /domains/mahapage.com/public_html/apollo1/PDF curb-paver-extrusion-type-KP-40.pdf
110.03.16 10:43 B E:\apollo2\PDF\curb-paver-slip-form-type-KP-1200-SF.pdf --> mahapage.com /domains/mahapage.com/public_html/apollo1/PDF curb-paver-slip-form-type-KP-1200-SF.pdf
110.03.16 10:44 B E:\apollo2\PDF\hydrostatic-sensor-paver-finisher-AP-1000.pdf --> mahapage.com /domains/mahapage.com/public_html/apollo1/PDF hydrostatic-sensor-paver-finisher-AP-1000.pdf
110.03.16 10:44 B E:\apollo2\PDF\hydrostatic-sensor-paver-finisher-AP-550.pdf --> mahapage.com /domains/mahapage.com/public_html/apollo1/PDF hydrostatic-sensor-paver-finisher-AP-550.pdf
110.03.16 10:45 B E:\apollo2\PDF\jaw-crusher.pdf --> mahapage.com /domains/mahapage.com/public_html/apollo1/PDF jaw-crusher.pdf
110.03.16 10:45 B E:\apollo2\PDF\mechanical-paver-finisher-RM-6.pdf --> mahapage.com /domains/mahapage.com/public_html/apollo1/PDF mechanical-paver-finisher-RM-6.pdf
110.03.16 10:45 B E:\apollo2\PDF\mechanical-paver-finisher-WM-6HES.pdf --> mahapage.com /domains/mahapage.com/public_html/apollo1/PDF mechanical-paver-finisher-WM-6HES.pdf
110.03.16 10:45 B E:\apollo2\PDF\primary-horizontal-impact-crusher.pdf --> mahapage.com /domains/mahapage.com/public_html/apollo1/PDF primary-horizontal-impact-crusher.pdf
110.03.16 10:45 B E:\apollo2\PDF\secondary-horizontal-impact-crusher.pdf --> mahapage.com /domains/mahapage.com/public_html/apollo1/PDF secondary-horizontal-impact-crusher.pdf
110.03.16 10:46 B E:\apollo2\PDF\soil-stabilization-plant-wet-mix-plants.pdf --> mahapage.com /domains/mahapage.com/public_html/apollo1/PDF soil-stabilization-plant-wet-mix-plants.pdf
110.03.16 10:46 B E:\apollo2\PDF\Thumbs.db --> mahapage.com /domains/mahapage.com/public_html/apollo1/PDF Thumbs.db
110.03.16 10:47 B E:\apollo2\PDF\ultra-mobile-batch-type-asphalt-plant.pdf --> mahapage.com /domains/mahapage.com/public_html/apollo1/PDF ultra-mobile-batch-type-asphalt-plant.pdf
110.03.16 10:48 B E:\apollo2\PDF\ultra-mobile-drum-type-continuous-asphalt-plants .pdf --> mahapage.com /domains/mahapage.com/public_html/apollo1/PDF ultra-mobile-drum-type-continuous-asphalt-plants .pdf
110.03.16 10:48 B E:\apollo2\PDF\ultra-mobile-drum-type-continuous-asphalt-plants-domestic.pdf --> mahapage.com /domains/mahapage.com/public_html/apollo1/PDF ultra-mobile-drum-type-continuous-asphalt-plants-domestic.pdf
110.03.16 10:49 B E:\apollo2\PDF\wheel-mounted-mobile-crusher.pdf --> mahapage.com /domains/mahapage.com/public_html/apollo1/PDF wheel-mounted-mobile-crusher.pdf
110.03.16 10:49 B E:\apollo2\PDF\WS_FTP.LOG --> mahapage.com /domains/mahapage.com/public_html/apollo1/PDF WS_FTP.LOG
